This is TeX, Version 3.14159 (Web2C 7.4.5) (format=latex 2003.12.8)  2 MAR 2004 19:02
**formulas.tex
(./formulas.tex
LaTeX2e <2001/06/01>
Babel <v3.7h> and hyphenation patterns for american, french, german, ngerman, n
ohyphenation, loaded.
(/usr/share/texmf/tex/latex/base/book.cls
Document Class: book 2001/04/21 v1.4e Standard LaTeX document class
(/usr/share/texmf/tex/latex/base/bk10.clo
File: bk10.clo 2001/04/21 v1.4e Standard LaTeX file (size option)
)
\c@part=\count79
\c@chapter=\count80
\c@section=\count81
\c@subsection=\count82
\c@subsubsection=\count83
\c@paragraph=\count84
\c@subparagraph=\count85
\c@figure=\count86
\c@table=\count87
\abovecaptionskip=\skip41
\belowcaptionskip=\skip42
\bibindent=\dimen102
)
(/usr/share/texmf/tex/latex/amsfonts/amssymb.sty
Package: amssymb 2002/01/22 v2.2d

(/usr/share/texmf/tex/latex/amsfonts/amsfonts.sty
Package: amsfonts 2001/10/25 v2.2f
\@emptytoks=\toks14
\symAMSa=\mathgroup4
\symAMSb=\mathgroup5
LaTeX Font Info:    Overwriting math alphabet `\mathfrak' in version `bold'
(Font)                  U/euf/m/n --> U/euf/b/n on input line 132.
))
(/usr/share/texmf/tex/latex/amsmath/amsmath.sty
Package: amsmath 2000/07/18 v2.13 AMS math features
\@mathmargin=\skip43

For additional information on amsmath, use the `?' option.
(/usr/share/texmf/tex/latex/amsmath/amstext.sty
Package: amstext 2000/06/29 v2.01

(/usr/share/texmf/tex/latex/amsmath/amsgen.sty
File: amsgen.sty 1999/11/30 v2.0
\@emptytoks=\toks15
\ex@=\dimen103
))
(/usr/share/texmf/tex/latex/amsmath/amsbsy.sty
Package: amsbsy 1999/11/29 v1.2d
\pmbraise@=\dimen104
)
(/usr/share/texmf/tex/latex/amsmath/amsopn.sty
Package: amsopn 1999/12/14 v2.01 operator names
)
\inf@bad=\count88
LaTeX Info: Redefining \frac on input line 211.
\uproot@=\count89
\leftroot@=\count90
LaTeX Info: Redefining \overline on input line 307.
\classnum@=\count91
\DOTSCASE@=\count92
LaTeX Info: Redefining \ldots on input line 379.
LaTeX Info: Redefining \dots on input line 382.
LaTeX Info: Redefining \cdots on input line 467.
\Mathstrutbox@=\box26
\strutbox@=\box27
\big@size=\dimen105
LaTeX Font Info:    Redeclaring font encoding OML on input line 567.
LaTeX Font Info:    Redeclaring font encoding OMS on input line 568.
\macc@depth=\count93
\c@MaxMatrixCols=\count94
\dotsspace@=\muskip10
\c@parentequation=\count95
\dspbrk@lvl=\count96
\tag@help=\toks16
\row@=\count97
\column@=\count98
\maxfields@=\count99
\andhelp@=\toks17
\eqnshift@=\dimen106
\alignsep@=\dimen107
\tagshift@=\dimen108
\tagwidth@=\dimen109
\totwidth@=\dimen110
\lineht@=\dimen111
\@envbody=\toks18
\multlinegap=\skip44
\multlinetaggap=\skip45
\mathdisplay@stack=\toks19
LaTeX Info: Redefining \[ on input line 2666.
LaTeX Info: Redefining \] on input line 2667.
) (./formulas.aux)
\openout1 = `formulas.aux'.

LaTeX Font Info:    Checking defaults for OML/cmm/m/it on input line 6.
LaTeX Font Info:    ... okay on input line 6.
LaTeX Font Info:    Checking defaults for T1/cmr/m/n on input line 6.
LaTeX Font Info:    ... okay on input line 6.
LaTeX Font Info:    Checking defaults for OT1/cmr/m/n on input line 6.
LaTeX Font Info:    ... okay on input line 6.
LaTeX Font Info:    Checking defaults for OMS/cmsy/m/n on input line 6.
LaTeX Font Info:    ... okay on input line 6.
LaTeX Font Info:    Checking defaults for OMX/cmex/m/n on input line 6.
LaTeX Font Info:    ... okay on input line 6.
LaTeX Font Info:    Checking defaults for U/cmr/m/n on input line 6.
LaTeX Font Info:    ... okay on input line 6.
LaTeX Font Info:    Try loading font information for U+msa on input line 10.

(/usr/share/texmf/tex/latex/amsfonts/umsa.fd
File: umsa.fd 2002/01/19 v2.2g AMS font definitions
)
LaTeX Font Info:    Try loading font information for U+msb on input line 10.

(/usr/share/texmf/tex/latex/amsfonts/umsb.fd
File: umsb.fd 2002/01/19 v2.2g AMS font definitions
)
Overfull \hbox (37.14063pt too wide) detected at line 12
\OML/cmm/m/it/10 u[] \OT1/cmr/m/n/10 = \OML/cmm/m/it/10 u[] \OT1/cmr/m/n/10 + \
OML/cmm/m/it/10 u[] \OT1/cmr/m/n/10 + (\OML/cmm/m/it/10 R[] \OT1/cmr/m/n/10 + [
])\OML/cmm/m/it/10 i[] \OT1/cmr/m/n/10 + []\OML/cmm/m/it/10 u[] \OT1/cmr/m/n/10
 + []\OML/cmm/m/it/10 u[] \OT1/cmr/m/n/10 (\OML/cmm/m/it/10 V \OMS/cmsy/m/n/10 
^^@ \OML/cmm/m/it/10 V\OT1/cmr/m/n/10 )
 []


Overfull \hbox (40.64697pt too wide) detected at line 21
\OML/cmm/m/it/10 i[] \OT1/cmr/m/n/10 = \OML/cmm/m/it/10 i[] \OT1/cmr/m/n/10 + \
OML/cmm/m/it/10 i[] \OT1/cmr/m/n/10 + ([] + [])\OML/cmm/m/it/10 u[] \OT1/cmr/m/
n/10 + []\OML/cmm/m/it/10 i[] \OT1/cmr/m/n/10 + []\OML/cmm/m/it/10 i[] \OT1/cmr
/m/n/10 (\OML/cmm/m/it/10 I \OMS/cmsy/m/n/10 ^^@ \OML/cmm/m/it/10 I\OT1/cmr/m/n
/10 )
 []


Overfull \hbox (37.36282pt too wide) detected at line 26
\OML/cmm/m/it/10 u[] \OT1/cmr/m/n/10 = \OML/cmm/m/it/10 u[] \OMS/cmsy/m/n/10 ^^
@ \OML/cmm/m/it/10 u[] \OT1/cmr/m/n/10 + (\OML/cmm/m/it/10 R[] \OMS/cmsy/m/n/10
 ^^@ []\OT1/cmr/m/n/10 )\OML/cmm/m/it/10 i[] \OT1/cmr/m/n/10 + []\OML/cmm/m/it/
10 u[] \OT1/cmr/m/n/10 + []\OML/cmm/m/it/10 u[] \OT1/cmr/m/n/10 (\OML/cmm/m/it/
10 V \OMS/cmsy/m/n/10 ^^@ \OML/cmm/m/it/10 V\OT1/cmr/m/n/10 )
 []


Overfull \hbox (45.6809pt too wide) detected at line 29
\OML/cmm/m/it/10 u[] \OT1/cmr/m/n/10 = \OML/cmm/m/it/10 u[] \OMS/cmsy/m/n/10 ^^
@ \OML/cmm/m/it/10 u[] \OT1/cmr/m/n/10 + (\OML/cmm/m/it/10 R[] \OMS/cmsy/m/n/10
 ^^@ []\OT1/cmr/m/n/10 )\OML/cmm/m/it/10 i[] \OT1/cmr/m/n/10 + []\OML/cmm/m/it/
10 i[] \OT1/cmr/m/n/10 + []\OML/cmm/m/it/10 i[] \OT1/cmr/m/n/10 (\OML/cmm/m/it/
10 V \OMS/cmsy/m/n/10 ^^@ \OML/cmm/m/it/10 I\OT1/cmr/m/n/10 )
 []


Overfull \hbox (67.7259pt too wide) detected at line 32
\OML/cmm/m/it/10 i[] \OT1/cmr/m/n/10 = \OML/cmm/m/it/10 i[] \OT1/cmr/m/n/10 + \
OML/cmm/m/it/10 i[] \OT1/cmr/m/n/10 + ([] \OMS/cmsy/m/n/10 ^^@ []\OT1/cmr/m/n/1
0 )\OML/cmm/m/it/10 u[] \OT1/cmr/m/n/10 + []\OML/cmm/m/it/10 u[] \OT1/cmr/m/n/1
0 + []\OML/cmm/m/it/10 u[] \OT1/cmr/m/n/10 (\OML/cmm/m/it/10 I \OMS/cmsy/m/n/10
 ^^@ \OML/cmm/m/it/10 V\OT1/cmr/m/n/10 )
 []


Overfull \hbox (40.64697pt too wide) detected at line 35
\OML/cmm/m/it/10 i[] \OT1/cmr/m/n/10 = \OML/cmm/m/it/10 i[] \OT1/cmr/m/n/10 + \
OML/cmm/m/it/10 i[] \OT1/cmr/m/n/10 + ([] \OMS/cmsy/m/n/10 ^^@ []\OT1/cmr/m/n/1
0 )\OML/cmm/m/it/10 u[] \OT1/cmr/m/n/10 + []\OML/cmm/m/it/10 i[] \OT1/cmr/m/n/1
0 + []\OML/cmm/m/it/10 i[] \OT1/cmr/m/n/10 (\OML/cmm/m/it/10 I \OMS/cmsy/m/n/10
 ^^@ \OML/cmm/m/it/10 I\OT1/cmr/m/n/10 )
 []

[1

] (./formulas.aux) ) 
Here is how much of TeX's memory you used:
 1111 strings out of 95846
 11933 string characters out of 1194358
 60516 words of memory out of 1000001
 4089 multiletter control sequences out of 10000+50000
 5692 words of font info for 23 fonts, out of 500000 for 1000
 14 hyphenation exceptions out of 1000
 27i,4n,24p,204b,210s stack positions out of 1500i,500n,5000p,200000b,5000s

Output written on formulas.dvi (1 page, 4376 bytes).
