Start at Sunday, August 29, 2010    18:46:27
=========================================

Registration Info : 

Windows Version:
Professional  (Build 7600)

Module Info:
Company: fCoder Group, Inc.
Product Name: ImageConverter Plus
Product Version: 7.1.9.71102

CPU Info:
Vendor: ache 
Vendor ID: Intel Corporation
Extended Processor Name: Pentium® III (0.18 µm) With 1 Or 2 MB On-Die L2 Cache 
Procesor Clock Frequecy: 2666
Logical processors per physical: 16
Stepping code: 4
MMX support: yes
MMX+ support: no
SSE support: yes
SSE2 support: yes
3DNow suppor: no
3DNow+ suppor: no
AI64 support: no
Hyperthreading support: no
L1 cache size: -1
L2 cache size: -1
L3 cache size: -1

Monitor info:
Color depth: 32 Bits per pixel.
Pixel Width: 1920
Pixel Height: 1200
Refresh frequency: 59 Hz

Internet Explorer Version: 6.1
Build Number: 7600

Printers list: 
PDFCreator
novaPDF
Microsoft XPS Document Writer
HP Officejet 4300 Series
HP LaserJet P1006
Fax
CutePDF Writer

Default printer: 
HP LaserJet P1006


Script settings:

Operations:

Format properties:
    Extension: eps
    bits per pixel : 24
    create thumbnail : No

Save properties:
    Destination path: C:\Users\desktop\Documents\My Dropbox\uv\resonancia\img
    convert with subfolders : yes
    restore subfolder structure in target folder : yes
    open target folder after conversion : yes
    create log file in target folder : yes

Target file name properties:
    Name template: {Title}.{Type}
    what to do, if file exists : auto_rename
    delete source images : no

Processing files...

=====================================================================

File 1 of 7

RAM free    :    3967.3 of    4096.0 Mb
Virtual free:    1858.5 of    2047.9 Mb
Target free disk space :    8945.4 of   99998.3 Mb
Temp free disk space   :    8945.4 of   99998.3 Mb

Src info : C:\Users\desktop\Documents\My Dropbox\uv\tesis\word\media\bobina1.jpeg
jpg, 2048x1536px, 24bpp, 1 page(s), 300.000000x300.000000 dpi, 328214 bytes
Load all pages :  ok

Save :  ok

=====================================================================

File 2 of 7

RAM free    :    3950.5 of    4096.0 Mb
Virtual free:    1858.5 of    2047.9 Mb
Target free disk space :    8927.4 of   99998.3 Mb
Temp free disk space   :    8927.4 of   99998.3 Mb

Src info : C:\Users\desktop\Documents\My Dropbox\uv\tesis\word\media\bobina2.jpeg
jpg, 2048x1536px, 24bpp, 1 page(s), 300.000000x300.000000 dpi, 320720 bytes
Load all pages :  ok

Save :  ok

=====================================================================

File 3 of 7

RAM free    :    3934.5 of    4096.0 Mb
Virtual free:    1858.5 of    2047.9 Mb
Target free disk space :    8909.2 of   99998.3 Mb
Temp free disk space   :    8909.2 of   99998.3 Mb

Src info : C:\Users\desktop\Documents\My Dropbox\uv\tesis\word\media\colpitts.jpeg
jpg, 1930x1530px, 24bpp, 1 page(s), 96.000000x96.000000 dpi, 134416 bytes
Load all pages :  ok

Save :  ok

=====================================================================

File 4 of 7

RAM free    :    3921.0 of    4096.0 Mb
Virtual free:    1858.5 of    2047.9 Mb
Target free disk space :    8892.2 of   99998.3 Mb
Temp free disk space   :    8892.2 of   99998.3 Mb

Src info : C:\Users\desktop\Documents\My Dropbox\uv\tesis\word\media\expcompleto.jpeg
jpg, 1281x977px, 24bpp, 1 page(s), 96.000000x96.000000 dpi, 356134 bytes
Load all pages :  ok

Save :  ok

=====================================================================

File 5 of 7

RAM free    :    3918.2 of    4096.0 Mb
Virtual free:    1858.5 of    2047.9 Mb
Target free disk space :    8885.0 of   99998.3 Mb
Temp free disk space   :    8885.0 of   99998.3 Mb

Src info : C:\Users\desktop\Documents\My Dropbox\uv\tesis\word\media\fuerte.jpeg
jpg, 1988x963px, 32bpp, 1 page(s), 180.000000x180.000000 dpi, 407147 bytes
Load all pages :  ok

Save :  ok

=====================================================================

File 6 of 7

RAM free    :    3906.8 of    4096.0 Mb
Virtual free:    1858.5 of    2047.9 Mb
Target free disk space :    8873.9 of   99998.3 Mb
Temp free disk space   :    8873.9 of   99998.3 Mb

Src info : C:\Users\desktop\Documents\My Dropbox\uv\tesis\word\media\inductivo.jpeg
jpg, 1988x963px, 32bpp, 1 page(s), 180.000000x180.000000 dpi, 384615 bytes
Load all pages :  ok

Save :  ok

=====================================================================

File 7 of 7

RAM free    :    3920.4 of    4096.0 Mb
Virtual free:    1858.5 of    2047.9 Mb
Target free disk space :    8862.8 of   99998.3 Mb
Temp free disk space   :    8862.8 of   99998.3 Mb

Src info : C:\Users\desktop\Documents\My Dropbox\uv\tesis\word\media\osciloscopio.jpeg
jpg, 2048x1536px, 24bpp, 1 page(s), 300.000000x300.000000 dpi, 280080 bytes
Load all pages :  ok

Save :  ok

Complete at Sunday, August 29, 2010    18:46:41
=========================================
Start at Monday, August 30, 2010    14:27:13
=========================================

Registration Info : 

Windows Version:
Microsoft Windows XP Professional Service Pack 3 (Build 2600)

Module Info:
Company: fCoder Group, Inc.
Product Name: ImageConverter Plus
Product Version: 7.1.9.71102

CPU Info:
Vendor: AuthenticAMD
Vendor ID: Advanced Micro Devices
Extended Processor Name: AMD Phenom(tm) 8650 Triple-Core Processor
Procesor Clock Frequecy: 2308
Logical processors per physical: 0
Stepping code: 3
MMX support: yes
MMX+ support: yes
SSE support: yes
SSE2 support: yes
3DNow suppor: yes
3DNow+ suppor: yes
AI64 support: no
Hyperthreading support: no
L1 cache size: 128
L2 cache size: 512
L3 cache size: -1

Monitor info:
Color depth: 32 Bits per pixel.
Pixel Width: 1902
Pixel Height: 895
Refresh frequency: 60 Hz

Internet Explorer Version: 6.0
Build Number: 2900

Printers list: 
PDFCreator
Enviar a OneNote 2007

Default printer: 
Enviar a OneNote 2007


Script settings:

Operations:

Format properties:
    Extension: eps
    bits per pixel : 24
    create thumbnail : No

Save properties:
    Destination path: {Source path}
    convert with subfolders : yes
    restore subfolder structure in target folder : yes
    open target folder after conversion : yes
    create log file in target folder : yes

Target file name properties:
    Name template: {Title}.{Type}
    what to do, if file exists : auto_rename
    delete source images : no

Processing files...

=====================================================================

File 1 of 2

RAM free    :     465.6 of     663.5 Mb
Virtual free:    1822.4 of    2047.9 Mb
Target free disk space :  735706.3 of  916368.6 Mb
Temp free disk space   :   36202.9 of   40950.4 Mb

Src info : Z:\trabajo\uv\resonancia\img\inductivo.jpg
jpg, 1988x963px, 24bpp, 1 page(s), 96.000000x96.000000 dpi, 101715 bytes
Load all pages :  ok

Save :  ok

=====================================================================

File 2 of 2

RAM free    :     465.3 of     663.5 Mb
Virtual free:    1822.4 of    2047.9 Mb
Target free disk space :  735695.3 of  916368.6 Mb
Temp free disk space   :   36202.9 of   40950.4 Mb

Src info : Z:\trabajo\uv\resonancia\img\fuerte.jpg
jpg, 1988x963px, 24bpp, 1 page(s), 96.000000x96.000000 dpi, 105372 bytes
Load all pages :  ok

Save :  ok

Complete at Monday, August 30, 2010    14:27:16
=========================================
Start at Monday, August 30, 2010    14:41:54
=========================================

Registration Info : 

Windows Version:
Microsoft Windows XP Professional Service Pack 3 (Build 2600)

Module Info:
Company: fCoder Group, Inc.
Product Name: ImageConverter Plus
Product Version: 7.1.9.71102

CPU Info:
Vendor: AuthenticAMD
Vendor ID: Advanced Micro Devices
Extended Processor Name: AMD Phenom(tm) 8650 Triple-Core Processor
Procesor Clock Frequecy: 2308
Logical processors per physical: 0
Stepping code: 3
MMX support: yes
MMX+ support: yes
SSE support: yes
SSE2 support: yes
3DNow suppor: yes
3DNow+ suppor: yes
AI64 support: no
Hyperthreading support: no
L1 cache size: 128
L2 cache size: 512
L3 cache size: -1

Monitor info:
Color depth: 32 Bits per pixel.
Pixel Width: 1902
Pixel Height: 895
Refresh frequency: 60 Hz

Internet Explorer Version: 6.0
Build Number: 2900

Printers list: 
PDFCreator
Enviar a OneNote 2007

Default printer: 
Enviar a OneNote 2007


Script settings:

Operations:

Format properties:
    Extension: eps
    bits per pixel : 24
    create thumbnail : No

Save properties:
    Destination path: {Source path}
    convert with subfolders : yes
    restore subfolder structure in target folder : yes
    open target folder after conversion : yes
    create log file in target folder : yes

Target file name properties:
    Name template: {Title}.{Type}
    what to do, if file exists : auto_rename
    delete source images : no

Processing files...

=====================================================================

File 1 of 2

RAM free    :     463.8 of     663.5 Mb
Virtual free:    1820.6 of    2047.9 Mb
Target free disk space :  735683.9 of  916368.6 Mb
Temp free disk space   :   36202.8 of   40950.4 Mb

Src info : Z:\trabajo\uv\resonancia\img\inductivo.jpg
jpg, 1988x963px, 24bpp, 1 page(s), 96.000000x96.000000 dpi, 76416 bytes

exists : rename :  ok
Load all pages :  ok

Save :  ok

=====================================================================

File 2 of 2

RAM free    :     463.7 of     663.5 Mb
Virtual free:    1820.6 of    2047.9 Mb
Target free disk space :  735672.9 of  916368.6 Mb
Temp free disk space   :   36202.8 of   40950.4 Mb

Src info : Z:\trabajo\uv\resonancia\img\fuerte.jpg
jpg, 1988x963px, 24bpp, 1 page(s), 96.000000x96.000000 dpi, 92528 bytes

exists : rename :  ok
Load all pages :  ok

Save :  ok

Complete at Monday, August 30, 2010    14:41:57
=========================================
Start at Monday, August 30, 2010    14:42:43
=========================================

Registration Info : 

Windows Version:
Microsoft Windows XP Professional Service Pack 3 (Build 2600)

Module Info:
Company: fCoder Group, Inc.
Product Name: ImageConverter Plus
Product Version: 7.1.9.71102

CPU Info:
Vendor: AuthenticAMD
Vendor ID: Advanced Micro Devices
Extended Processor Name: AMD Phenom(tm) 8650 Triple-Core Processor
Procesor Clock Frequecy: 2308
Logical processors per physical: 0
Stepping code: 3
MMX support: yes
MMX+ support: yes
SSE support: yes
SSE2 support: yes
3DNow suppor: yes
3DNow+ suppor: yes
AI64 support: no
Hyperthreading support: no
L1 cache size: 128
L2 cache size: 512
L3 cache size: -1

Monitor info:
Color depth: 32 Bits per pixel.
Pixel Width: 1902
Pixel Height: 895
Refresh frequency: 60 Hz

Internet Explorer Version: 6.0
Build Number: 2900

Printers list: 
PDFCreator
Enviar a OneNote 2007

Default printer: 
Enviar a OneNote 2007


Script settings:

Operations:

Format properties:
    Extension: eps
    bits per pixel : 24
    create thumbnail : No

Save properties:
    Destination path: {Source path}
    convert with subfolders : yes
    restore subfolder structure in target folder : yes
    open target folder after conversion : yes
    create log file in target folder : yes

Target file name properties:
    Name template: {Title}.{Type}
    what to do, if file exists : auto_rename
    delete source images : no

Processing files...

=====================================================================

File 1 of 2

RAM free    :     465.1 of     663.5 Mb
Virtual free:    1820.6 of    2047.9 Mb
Target free disk space :  735683.8 of  916368.6 Mb
Temp free disk space   :   36202.8 of   40950.4 Mb

Src info : Z:\trabajo\uv\resonancia\img\inductivo.jpg
jpg, 1988x963px, 24bpp, 1 page(s), 96.000000x96.000000 dpi, 76416 bytes
Load all pages :  ok

Save :  ok

=====================================================================

File 2 of 2

RAM free    :     465.0 of     663.5 Mb
Virtual free:    1820.6 of    2047.9 Mb
Target free disk space :  735672.8 of  916368.6 Mb
Temp free disk space   :   36202.8 of   40950.4 Mb

Src info : Z:\trabajo\uv\resonancia\img\fuerte.jpg
jpg, 1988x963px, 24bpp, 1 page(s), 96.000000x96.000000 dpi, 92528 bytes
Load all pages :  ok

Save :  ok

Complete at Monday, August 30, 2010    14:42:47
=========================================
Start at Tuesday, August 31, 2010    13:49:17
=========================================

Registration Info : 

Windows Version:
Microsoft Windows XP Professional Service Pack 3 (Build 2600)

Module Info:
Company: fCoder Group, Inc.
Product Name: ImageConverter Plus
Product Version: 7.1.9.71102

CPU Info:
Vendor: AuthenticAMD
Vendor ID: Advanced Micro Devices
Extended Processor Name: AMD Phenom(tm) 8650 Triple-Core Processor
Procesor Clock Frequecy: 2308
Logical processors per physical: 0
Stepping code: 3
MMX support: yes
MMX+ support: yes
SSE support: yes
SSE2 support: yes
3DNow suppor: yes
3DNow+ suppor: yes
AI64 support: no
Hyperthreading support: no
L1 cache size: 128
L2 cache size: 512
L3 cache size: -1

Monitor info:
Color depth: 32 Bits per pixel.
Pixel Width: 2030
Pixel Height: 964
Refresh frequency: 60 Hz

Internet Explorer Version: 6.0
Build Number: 2900

Printers list: 
Enviar a OneNote 2007

Default printer: 
Enviar a OneNote 2007


Script settings:

Operations:

Format properties:
    Extension: eps
    bits per pixel : 24
    create thumbnail : No

Save properties:
    Destination path: {Source path}
    convert with subfolders : yes
    restore subfolder structure in target folder : yes
    open target folder after conversion : yes
    create log file in target folder : yes

Target file name properties:
    Name template: {Title}.{Type}
    what to do, if file exists : auto_rename
    delete source images : no

Processing files...

=====================================================================

File 1 of 2

RAM free    :     432.8 of     663.5 Mb
Virtual free:    1823.1 of    2047.9 Mb
Target free disk space :  730924.8 of  916368.6 Mb
Temp free disk space   :   36466.9 of   40950.4 Mb

Src info : Z:\dropbox\investigacion\resonancia\img\inductivo.jpg
jpg, 1988x963px, 24bpp, 1 page(s), 96.000000x96.000000 dpi, 86167 bytes
Load all pages :  ok

Save :  ok

=====================================================================

File 2 of 2

RAM free    :     432.4 of     663.5 Mb
Virtual free:    1823.1 of    2047.9 Mb
Target free disk space :  730913.9 of  916368.6 Mb
Temp free disk space   :   36466.9 of   40950.4 Mb

Src info : Z:\dropbox\investigacion\resonancia\img\fuerte.jpg
jpg, 1988x963px, 24bpp, 1 page(s), 96.000000x96.000000 dpi, 92920 bytes
Load all pages :  ok

Save :  ok

Complete at Tuesday, August 31, 2010    13:49:21
=========================================
Start at Tuesday, August 31, 2010    13:52:50
=========================================

Registration Info : 

Windows Version:
Microsoft Windows XP Professional Service Pack 3 (Build 2600)

Module Info:
Company: fCoder Group, Inc.
Product Name: ImageConverter Plus
Product Version: 7.1.9.71102

CPU Info:
Vendor: AuthenticAMD
Vendor ID: Advanced Micro Devices
Extended Processor Name: AMD Phenom(tm) 8650 Triple-Core Processor
Procesor Clock Frequecy: 2309
Logical processors per physical: 0
Stepping code: 3
MMX support: yes
MMX+ support: yes
SSE support: yes
SSE2 support: yes
3DNow suppor: yes
3DNow+ suppor: yes
AI64 support: no
Hyperthreading support: no
L1 cache size: 128
L2 cache size: 512
L3 cache size: -1

Monitor info:
Color depth: 32 Bits per pixel.
Pixel Width: 2030
Pixel Height: 964
Refresh frequency: 60 Hz

Internet Explorer Version: 6.0
Build Number: 2900

Printers list: 
Enviar a OneNote 2007

Default printer: 
Enviar a OneNote 2007


Script settings:

Operations:

Format properties:
    Extension: eps
    bits per pixel : 24
    create thumbnail : No

Save properties:
    Destination path: {Source path}
    convert with subfolders : yes
    restore subfolder structure in target folder : yes
    open target folder after conversion : yes
    create log file in target folder : yes

Target file name properties:
    Name template: {Title}.{Type}
    what to do, if file exists : auto_rename
    delete source images : no

Processing files...

=====================================================================

File 1 of 2

RAM free    :     432.2 of     663.5 Mb
Virtual free:    1819.2 of    2047.9 Mb
Target free disk space :  730924.6 of  916368.6 Mb
Temp free disk space   :   36466.9 of   40950.4 Mb

Src info : Z:\dropbox\investigacion\resonancia\img\inductivo.jpg
jpg, 1988x963px, 24bpp, 1 page(s), 96.000000x96.000000 dpi, 86167 bytes
Load all pages :  ok

Save :  ok

=====================================================================

File 2 of 2

RAM free    :     432.1 of     663.5 Mb
Virtual free:    1819.2 of    2047.9 Mb
Target free disk space :  730913.6 of  916368.6 Mb
Temp free disk space   :   36466.9 of   40950.4 Mb

Src info : Z:\dropbox\investigacion\resonancia\img\fuerte.jpg
jpg, 1988x963px, 24bpp, 1 page(s), 96.000000x96.000000 dpi, 93919 bytes
Load all pages :  ok

Save :  ok

Complete at Tuesday, August 31, 2010    13:52:54
=========================================
