This is pdfTeX, Version 3.1415926-1.40.10 (TeX Live 2009/Debian) (format=latex 2011.4.5)  22 JUN 2011 23:47
entering extended mode
 %&-line parsing enabled.
**ELEX_nh2.tex
(./ELEX_nh2.tex
LaTeX2e <2009/09/24>
Babel <v3.8l> and hyphenation patterns for english, usenglishmax, dumylang, noh
yphenation, loaded.
(./elex.cls
Document Class: elex 2003/11/25 v3 ELEX
\c@part=\count79
\c@section=\count80
\c@subsection=\count81
\c@subsubsection=\count82
\c@paragraph=\count83
\c@subparagraph=\count84
\c@figure=\count85
\c@table=\count86
\abovecaptionskip=\skip41
\belowcaptionskip=\skip42
\bibindent=\dimen102
) (/usr/share/texmf-texlive/tex/latex/graphics/graphicx.sty
Package: graphicx 1999/02/16 v1.0f Enhanced LaTeX Graphics (DPC,SPQR)

(/usr/share/texmf-texlive/tex/latex/graphics/keyval.sty
Package: keyval 1999/03/16 v1.13 key=value parser (DPC)
\KV@toks@=\toks14
)
(/usr/share/texmf-texlive/tex/latex/graphics/graphics.sty
Package: graphics 2009/02/05 v1.0o Standard LaTeX Graphics (DPC,SPQR)

(/usr/share/texmf-texlive/tex/latex/graphics/trig.sty
Package: trig 1999/03/16 v1.09 sin cos tan (DPC)
)
(/etc/texmf/tex/latex/config/graphics.cfg
File: graphics.cfg 2009/08/28 v1.8 graphics configuration of TeX Live
)
Package graphics Info: Driver file: dvips.def on input line 91.

(/usr/share/texmf-texlive/tex/latex/graphics/dvips.def
File: dvips.def 1999/02/16 v3.0i Driver-dependant file (DPC,SPQR)
))
\Gin@req@height=\dimen103
\Gin@req@width=\dimen104
)
(/usr/share/texmf-texlive/tex/latex/psfrag/psfrag.sty
Package: psfrag 1998/04/11 v3.04 PSfrag (MCG)
\pfg@pcount=\count87
\pfg@scount=\count88
\pfg@temp=\write3
) (./ELEX_nh2.aux)
\openout1 = `ELEX_nh2.aux'.

LaTeX Font Info:    Checking defaults for OML/cmm/m/it on input line 30.
LaTeX Font Info:    ... okay on input line 30.
LaTeX Font Info:    Checking defaults for T1/cmr/m/n on input line 30.
LaTeX Font Info:    ... okay on input line 30.
LaTeX Font Info:    Checking defaults for OT1/cmr/m/n on input line 30.
LaTeX Font Info:    ... okay on input line 30.
LaTeX Font Info:    Checking defaults for OMS/cmsy/m/n on input line 30.
LaTeX Font Info:    ... okay on input line 30.
LaTeX Font Info:    Checking defaults for OMX/cmex/m/n on input line 30.
LaTeX Font Info:    ... okay on input line 30.
LaTeX Font Info:    Checking defaults for U/cmr/m/n on input line 30.
LaTeX Font Info:    ... okay on input line 30.

Overfull \hbox (1.92926pt too wide) in paragraph at lines 32--32
\Titlexxiv Homotopy method with a for- 
 []

LaTeX Font Info:    External font `cmex10' loaded for size
(Font)              <12> on input line 32.
LaTeX Font Info:    External font `cmex10' loaded for size
(Font)              <8> on input line 32.
LaTeX Font Info:    External font `cmex10' loaded for size
(Font)              <6> on input line 32.
LaTeX Font Info:    External font `cmex10' loaded for size
(Font)              <7> on input line 32.
LaTeX Font Info:    External font `cmex10' loaded for size
(Font)              <5> on input line 32.
LaTeX Font Info:    External font `cmex10' loaded for size
(Font)              <10.95> on input line 56.
LaTeX Font Info:    Try loading font information for OMS+cmr on input line 56.
(/usr/share/texmf-texlive/tex/latex/base/omscmr.fd
File: omscmr.fd 1999/05/25 v2.5h Standard LaTeX font definitions
)
LaTeX Font Info:    Font shape `OMS/cmr/m/n' in size <6> not available
(Font)              Font shape `OMS/cmsy/m/n' tried instead on input line 56.
 [1

]
Underfull \hbox (badness 1205) in paragraph at lines 56--57
[]\OT1/cmr/m/n/10 H. V^^Sazquez-L., L. Hern^^Sandez-M., and A. Sarmiento-R., ``
Double-
 []

[2]

LaTeX Font Warning: Command \small invalid in math mode on input line 73.

File: yamamura/doblelineapoli.eps Graphic file (type eps)
<yamamura/doblelineapoli.eps> [3] [4] [5]
File: yamamura/diotran.eps Graphic file (type eps)
 <yamamura/diotran.eps>
File: yamamura/y1a.eps Graphic file (type eps)

<yamamura/y1a.eps>
Overfull \hbox (40.73146pt too wide) in paragraph at lines 336--337
 [][] 
 []

File: yamamura/y1b.eps Graphic file (type eps)
<yamamura/y1b.eps>
Overfull \hbox (49.16283pt too wide) in paragraph at lines 348--349
 [][] 
 []

[6] [7] (./ELEX_nh2.aux) )
(\end occurred inside a group at level 1)

### simple group (level 1) entered at line 214 ({)
### bottom level 
Here is how much of TeX's memory you used:
 755 strings out of 495062
 8647 string characters out of 1182645
 68352 words of memory out of 3000000
 3979 multiletter control sequences out of 15000+50000
 10139 words of font info for 35 fonts, out of 3000000 for 9000
 28 hyphenation exceptions out of 8191
 39i,19n,38p,1445b,474s stack positions out of 5000i,500n,10000p,200000b,50000s

Output written on ELEX_nh2.dvi (7 pages, 30724 bytes).
