This is pdfTeX, Version 3.1415926-1.40.10 (TeX Live 2009/Debian) (format=latex 2011.5.5)  5 MAY 2011 11:24
entering extended mode
 %&-line parsing enabled.
**ELEX_template.tex
(./ELEX_template.tex
LaTeX2e <2009/09/24>
Babel <v3.8l> and hyphenation patterns for english, usenglishmax, dumylang, noh
yphenation, loaded.
(./elex.cls
Document Class: elex 2003/11/25 v3 ELEX
\c@part=\count79
\c@section=\count80
\c@subsection=\count81
\c@subsubsection=\count82
\c@paragraph=\count83
\c@subparagraph=\count84
\c@figure=\count85
\c@table=\count86
\abovecaptionskip=\skip41
\belowcaptionskip=\skip42
\bibindent=\dimen102
) (/usr/share/texmf-texlive/tex/latex/graphics/graphicx.sty
Package: graphicx 1999/02/16 v1.0f Enhanced LaTeX Graphics (DPC,SPQR)

(/usr/share/texmf-texlive/tex/latex/graphics/keyval.sty
Package: keyval 1999/03/16 v1.13 key=value parser (DPC)
\KV@toks@=\toks14
)
(/usr/share/texmf-texlive/tex/latex/graphics/graphics.sty
Package: graphics 2009/02/05 v1.0o Standard LaTeX Graphics (DPC,SPQR)

(/usr/share/texmf-texlive/tex/latex/graphics/trig.sty
Package: trig 1999/03/16 v1.09 sin cos tan (DPC)
)
(/etc/texmf/tex/latex/config/graphics.cfg
File: graphics.cfg 2009/08/28 v1.8 graphics configuration of TeX Live
)
Package graphics Info: Driver file: dvips.def on input line 91.

(/usr/share/texmf-texlive/tex/latex/graphics/dvips.def
File: dvips.def 1999/02/16 v3.0i Driver-dependant file (DPC,SPQR)
))
\Gin@req@height=\dimen103
\Gin@req@width=\dimen104
) (./ELEX_template.aux)
\openout1 = `ELEX_template.aux'.

LaTeX Font Info:    Checking defaults for OML/cmm/m/it on input line 31.
LaTeX Font Info:    ... okay on input line 31.
LaTeX Font Info:    Checking defaults for T1/cmr/m/n on input line 31.
LaTeX Font Info:    ... okay on input line 31.
LaTeX Font Info:    Checking defaults for OT1/cmr/m/n on input line 31.
LaTeX Font Info:    ... okay on input line 31.
LaTeX Font Info:    Checking defaults for OMS/cmsy/m/n on input line 31.
LaTeX Font Info:    ... okay on input line 31.
LaTeX Font Info:    Checking defaults for OMX/cmex/m/n on input line 31.
LaTeX Font Info:    ... okay on input line 31.
LaTeX Font Info:    Checking defaults for U/cmr/m/n on input line 31.
LaTeX Font Info:    ... okay on input line 31.
LaTeX Font Info:    External font `cmex10' loaded for size
(Font)              <12> on input line 33.
LaTeX Font Info:    External font `cmex10' loaded for size
(Font)              <8> on input line 33.
LaTeX Font Info:    External font `cmex10' loaded for size
(Font)              <6> on input line 33.

Overfull \hbox (18.91046pt too wide) in paragraph at lines 33--33
 \OT1/cmr/bx/n/12 Hiroshi Toshiyoshi,$[]$ Kazukiyo Joshin,$[]$ and Takuji Takah
ashi$[]$  
 []

LaTeX Font Info:    External font `cmex10' loaded for size
(Font)              <7> on input line 33.
LaTeX Font Info:    External font `cmex10' loaded for size
(Font)              <5> on input line 33.
LaTeX Font Info:    External font `cmex10' loaded for size
(Font)              <10.95> on input line 71.
LaTeX Font Info:    Try loading font information for OMS+cmr on input line 71.
(/usr/share/texmf-texlive/tex/latex/base/omscmr.fd
File: omscmr.fd 1999/05/25 v2.5h Standard LaTeX font definitions
)
LaTeX Font Info:    Font shape `OMS/cmr/m/n' in size <6> not available
(Font)              Font shape `OMS/cmsy/m/n' tried instead on input line 71.
 [1

] [2] [3]
File: figures/lens_scanner.eps Graphic file (type eps)

<figures/lens_scanner.eps> [4]
File: figures/pin.eps Graphic file (type eps)
 <figures/pin.eps>
File: figures/pin2.eps Graphic file (type eps)
 <figures/pin2.eps>
File: figures/snapshot.eps Graphic file (type eps)

<figures/snapshot.eps>
Underfull \hbox (badness 10000) in paragraph at lines 283--307

 []

[5]
Overfull \hbox (20.44359pt too wide) in paragraph at lines 309--318
[]\OT1/cmtt/m/n/10.95 (https://review.ieice.org/regist_elex_e.aspx?cmdtype=ELEX
) 
 []

[6] (./ELEX_template.aux) ) 
Here is how much of TeX's memory you used:
 627 strings out of 495062
 7206 string characters out of 1182645
 59751 words of memory out of 3000000
 3854 multiletter control sequences out of 15000+50000
 9999 words of font info for 35 fonts, out of 3000000 for 9000
 28 hyphenation exceptions out of 8191
 35i,18n,36p,578b,345s stack positions out of 5000i,500n,10000p,200000b,50000s

Output written on ELEX_template.dvi (6 pages, 19372 bytes).
