This is pdfTeX, Version 3.1415926-1.40.10 (TeX Live 2009/Debian) (format=latex 2010.4.26)  28 APR 2010 23:42
entering extended mode
 restricted \write18 enabled.
 %&-line parsing enabled.
**iced2006.tex
(./iced2006.tex
LaTeX2e <2009/09/24>
Babel <v3.8l> and hyphenation patterns for english, usenglishmax, dumylang, noh
yphenation, spanish, galician, catalan, pinyin, loaded.
(./IEEEtran.cls
Document Style `IEEEtran' <30-August-1993>.
Upgraded to `IEEEtran.cls' <10-Jan.-1996> !PN
Rev. <15-May.-1996> !PN
(/usr/share/texmf-texlive/tex/latex/tools/rawfonts.sty
Package: rawfonts 1994/05/08 Low-level LaTeX 2.09 font compatibility

(/usr/share/texmf-texlive/tex/latex/tools/somedefs.sty
Package: somedefs 1994/06/01 v0.03 Toolkit for optional definitions
)
LaTeX Font Info:    Try loading font information for U+lasy on input line 45.

(/usr/share/texmf-texlive/tex/latex/base/ulasy.fd
File: ulasy.fd 1998/08/17 v2.2e LaTeX symbol font definitions
))
(/usr/share/texmf-texlive/tex/latex/base/oldlfont.sty
Package: oldlfont 1994/11/29 v2.2k Standard LaTeX package

(/usr/share/texmf-texlive/tex/latex/base/tracefnt.sty
Package: tracefnt 1997/05/29 v3.0j Standard LaTeX package (font tracing)
\tracingfonts=\count79
LaTeX Info: Redefining \selectfont on input line 101.
)
\symbold=\mathgroup4
\symsans=\mathgroup5
\symtypewriter=\mathgroup6
\symitalic=\mathgroup7
\symsmallcaps=\mathgroup8
\symslanted=\mathgroup9
LaTeX Font Info:    Redeclaring math alphabet \mathbf on input line 71.
LaTeX Font Info:    Redeclaring math alphabet \mathsf on input line 72.
LaTeX Font Info:    Redeclaring math alphabet \mathtt on input line 73.
LaTeX Font Info:    Redeclaring math alphabet \mathit on input line 79.
LaTeX Info: Redefining \em on input line 89.

(/usr/share/texmf-texlive/tex/latex/base/latexsym.sty
Package: latexsym 1998/08/17 v2.2e Standard LaTeX package (lasy symbols)
\symlasy=\mathgroup10
LaTeX Font Info:    Overwriting symbol font `lasy' in version `bold'
(Font)                  U/lasy/m/n --> U/lasy/b/n on input line 47.
))
-- This is a 10 point document
\tmpitemindent=\dimen102
\c@section=\count80
\c@subsection=\count81
\c@subsubsection=\count82
\c@paragraph=\count83
\captionindent=\skip41
\c@figure=\count84
\c@table=\count85
) (/usr/share/texmf-texlive/tex/latex/amsmath/amsmath.sty
Package: amsmath 2000/07/18 v2.13 AMS math features
\@mathmargin=\skip42

For additional information on amsmath, use the `?' option.
(/usr/share/texmf-texlive/tex/latex/amsmath/amstext.sty
Package: amstext 2000/06/29 v2.01

(/usr/share/texmf-texlive/tex/latex/amsmath/amsgen.sty
File: amsgen.sty 1999/11/30 v2.0
\@emptytoks=\toks14
\ex@=\dimen103
))
(/usr/share/texmf-texlive/tex/latex/amsmath/amsbsy.sty
Package: amsbsy 1999/11/29 v1.2d
\pmbraise@=\dimen104
)
(/usr/share/texmf-texlive/tex/latex/amsmath/amsopn.sty
Package: amsopn 1999/12/14 v2.01 operator names
)
\inf@bad=\count86
LaTeX Info: Redefining \frac on input line 211.
\uproot@=\count87
\leftroot@=\count88
LaTeX Info: Redefining \overline on input line 307.
\classnum@=\count89
\DOTSCASE@=\count90
LaTeX Info: Redefining \ldots on input line 379.
LaTeX Info: Redefining \dots on input line 382.
LaTeX Info: Redefining \cdots on input line 467.
\Mathstrutbox@=\box26
\strutbox@=\box27
\big@size=\dimen105
LaTeX Font Info:    Redeclaring font encoding OML on input line 567.
LaTeX Font Info:    Redeclaring font encoding OMS on input line 568.
\macc@depth=\count91
\c@MaxMatrixCols=\count92
\dotsspace@=\muskip10
\c@parentequation=\count93
\dspbrk@lvl=\count94
\tag@help=\toks15
\row@=\count95
\column@=\count96
\maxfields@=\count97
\andhelp@=\toks16
\eqnshift@=\dimen106
\alignsep@=\dimen107
\tagshift@=\dimen108
\tagwidth@=\dimen109
\totwidth@=\dimen110
\lineht@=\dimen111
\@envbody=\toks17
\multlinegap=\skip43
\multlinetaggap=\skip44
\mathdisplay@stack=\toks18
LaTeX Info: Redefining \[ on input line 2666.
LaTeX Info: Redefining \] on input line 2667.
)
(/usr/share/texmf-texlive/tex/latex/graphics/graphics.sty
Package: graphics 2009/02/05 v1.0o Standard LaTeX Graphics (DPC,SPQR)

(/usr/share/texmf-texlive/tex/latex/graphics/trig.sty
Package: trig 1999/03/16 v1.09 sin cos tan (DPC)
)
(/etc/texmf/tex/latex/config/graphics.cfg
File: graphics.cfg 2009/08/28 v1.8 graphics configuration of TeX Live
)
Package graphics Info: Driver file: dvips.def on input line 91.

(/usr/share/texmf-texlive/tex/latex/graphics/dvips.def
File: dvips.def 1999/02/16 v3.0i Driver-dependant file (DPC,SPQR)
))
(/usr/share/texmf-texlive/tex/latex/graphics/graphicx.sty
Package: graphicx 1999/02/16 v1.0f Enhanced LaTeX Graphics (DPC,SPQR)

(/usr/share/texmf-texlive/tex/latex/graphics/keyval.sty
Package: keyval 1999/03/16 v1.13 key=value parser (DPC)
\KV@toks@=\toks19
)
\Gin@req@height=\dimen112
\Gin@req@width=\dimen113
)
(/var/lib/texmf/tex/generic/babel/babel.sty
Package: babel 2008/07/06 v3.8l The Babel package

(/usr/share/texmf-texlive/tex/generic/babel/english.ldf
Language: english 2005/03/30 v3.3o English support from the babel system

(/usr/share/texmf-texlive/tex/generic/babel/babel.def
File: babel.def 2008/07/06 v3.8l Babel common definitions
\babel@savecnt=\count98
\U@D=\dimen114
)
\l@british = a dialect from \language\l@english 
\l@UKenglish = a dialect from \language\l@english 
\l@canadian = a dialect from \language\l@american 
\l@australian = a dialect from \language\l@british 
\l@newzealand = a dialect from \language\l@british 
)) (./iced2006.aux)
\openout1 = `iced2006.aux'.

LaTeX Font Info:    Checking defaults for OML/cmm/m/it on input line 11.
LaTeX Font Info:    ... okay on input line 11.
LaTeX Font Info:    Checking defaults for T1/cmr/m/n on input line 11.
LaTeX Font Info:    ... okay on input line 11.
LaTeX Font Info:    Checking defaults for OT1/cmr/m/n on input line 11.
LaTeX Font Info:    ... okay on input line 11.
LaTeX Font Info:    Checking defaults for OMS/cmsy/m/n on input line 11.
LaTeX Font Info:    ... okay on input line 11.
LaTeX Font Info:    Checking defaults for OMX/cmex/m/n on input line 11.
LaTeX Font Info:    ... okay on input line 11.
LaTeX Font Info:    Checking defaults for U/cmr/m/n on input line 11.
LaTeX Font Info:    ... okay on input line 11.

[1


]
File: figuras/DESCAD_1.eps Graphic file (type eps)
 <figuras/DESCAD_1.eps>
File: figuras/step1.eps Graphic file (type eps)
 <figuras/step1.eps>
File: figuras/grupo_eng.eps Graphic file (type eps)
 <figuras/grupo_eng.eps>
File: figuras/twoloop_basica.eps Graphic file (type eps)

<figuras/twoloop_basica.eps>
File: figuras/descad2.eps Graphic file (type eps)
 <figuras/descad2.eps>
File: figuras/wizard3.eps Graphic file (type eps)
 <figuras/wizard3.eps>
File: figuras/wizard4.eps Graphic file (type eps)

<figuras/wizard4.eps> [2]
File: figuras/wizard5.eps Graphic file (type eps)
 <figuras/wizard5.eps>
File: figuras/wizard6.eps Graphic file (type eps)
 <figuras/wizard6.eps> [3]
File: figuras/wizard8.eps Graphic file (type eps)

<figuras/wizard8.eps>
File: figuras/iced_2006.ps Graphic file (type eps)
 <figuras/iced_2006.ps> (./iced2006.bbl) [4]
(./iced2006.aux) ) 
Here is how much of TeX's memory you used:
 1713 strings out of 494991
 19835 string characters out of 1180357
 83168 words of memory out of 3000000
 4867 multiletter control sequences out of 15000+50000
 22952 words of font info for 86 fonts, out of 3000000 for 9000
 54 hyphenation exceptions out of 8191
 30i,5n,24p,1127b,268s stack positions out of 5000i,500n,10000p,200000b,50000s

Output written on iced2006.dvi (4 pages, 22716 bytes).
