This is TeX, Version 3.14159 (Web2C 7.3.1) (format=latex 1999.11.17)  13 APR 2005 12:43
**icccas2.tex
(icccas2.tex
LaTeX2e <1998/12/01> patch level 1
Babel <v3.6x> and hyphenation patterns for american, french, german, ngerman, n
ohyphenation, loaded.
(IEEEtran.cls
Document Class: IEEEtran 2002/11/18 revision V1.6b by Michael Shell
-- See the "IEEEtran_HOWTO" manual for usage information.
-- The source comments contain changelog notes.
\@IEEEtrantmpdimenA=\dimen102
\@IEEEtrantmpdimenB=\dimen103
\@IEEEtrantmpcountA=\count79
\@IEEEtrantmpcountB=\count80
\@IEEEtrantmptoksA=\toks14
LaTeX Font Info:    Try loading font information for OT1+ptm on input line 776.

(/export/opt/TeX/share/texmf/tex/latex/psnfss/ot1ptm.fd
File: ot1ptm.fd 1998/07/06 Fontinst v1.800 font definitions for OT1/ptm.
)
\@IEEEnormalsizefontbaselineskip=\skip41

-- This is a 10 point document.
\normalsizebaselineskip=\skip42
\normaljot=\skip43
LaTeX Font Info:    Font shape `OT1/ptm/bx/n' in size <5> not available
(Font)              Font shape `OT1/ptm/b/n' tried instead on input line 1095.
LaTeX Font Info:    Font shape `OT1/ptm/bx/it' in size <5> not available
(Font)              Font shape `OT1/ptm/b/it' tried instead on input line 1095.

LaTeX Font Info:    Font shape `OT1/ptm/bx/n' in size <7> not available
(Font)              Font shape `OT1/ptm/b/n' tried instead on input line 1095.
LaTeX Font Info:    Font shape `OT1/ptm/bx/it' in size <7> not available
(Font)              Font shape `OT1/ptm/b/it' tried instead on input line 1095.

LaTeX Font Info:    Font shape `OT1/ptm/bx/n' in size <8> not available
(Font)              Font shape `OT1/ptm/b/n' tried instead on input line 1095.
LaTeX Font Info:    Font shape `OT1/ptm/bx/it' in size <8> not available
(Font)              Font shape `OT1/ptm/b/it' tried instead on input line 1095.

LaTeX Font Info:    Font shape `OT1/ptm/bx/n' in size <9> not available
(Font)              Font shape `OT1/ptm/b/n' tried instead on input line 1095.
LaTeX Font Info:    Font shape `OT1/ptm/bx/it' in size <9> not available
(Font)              Font shape `OT1/ptm/b/it' tried instead on input line 1095.

LaTeX Font Info:    Font shape `OT1/ptm/bx/n' in size <10> not available
(Font)              Font shape `OT1/ptm/b/n' tried instead on input line 1095.
LaTeX Font Info:    Font shape `OT1/ptm/bx/it' in size <10> not available
(Font)              Font shape `OT1/ptm/b/it' tried instead on input line 1095.

LaTeX Font Info:    Font shape `OT1/ptm/bx/n' in size <11> not available
(Font)              Font shape `OT1/ptm/b/n' tried instead on input line 1095.
LaTeX Font Info:    Font shape `OT1/ptm/bx/it' in size <11> not available
(Font)              Font shape `OT1/ptm/b/it' tried instead on input line 1095.

LaTeX Font Info:    Font shape `OT1/ptm/bx/n' in size <12> not available
(Font)              Font shape `OT1/ptm/b/n' tried instead on input line 1095.
LaTeX Font Info:    Font shape `OT1/ptm/bx/it' in size <12> not available
(Font)              Font shape `OT1/ptm/b/it' tried instead on input line 1095.

LaTeX Font Info:    Font shape `OT1/ptm/bx/n' in size <17> not available
(Font)              Font shape `OT1/ptm/b/n' tried instead on input line 1095.
LaTeX Font Info:    Font shape `OT1/ptm/bx/it' in size <17> not available
(Font)              Font shape `OT1/ptm/b/it' tried instead on input line 1095.

LaTeX Font Info:    Font shape `OT1/ptm/bx/n' in size <20> not available
(Font)              Font shape `OT1/ptm/b/n' tried instead on input line 1095.
LaTeX Font Info:    Font shape `OT1/ptm/bx/it' in size <20> not available
(Font)              Font shape `OT1/ptm/b/it' tried instead on input line 1095.

LaTeX Font Info:    Font shape `OT1/ptm/bx/n' in size <24> not available
(Font)              Font shape `OT1/ptm/b/n' tried instead on input line 1095.
LaTeX Font Info:    Font shape `OT1/ptm/bx/it' in size <24> not available
(Font)              Font shape `OT1/ptm/b/it' tried instead on input line 1095.

\IEEEilabelindentA=\dimen104
\IEEEilabelindentB=\dimen105
\IEEEilabelindent=\dimen106
\IEEEelabelindent=\dimen107
\IEEEdlabelindent=\dimen108
\labelindent=\dimen109
\IEEEiednormlabelsep=\dimen110
\IEEEiedmathlabelsep=\dimen111
\IEEEiedtopsep=\skip44
\c@section=\count81
\c@subsection=\count82
\c@subsubsection=\count83
\c@paragraph=\count84
\c@IEEEsubequation=\count85
\abovecaptionskip=\skip45
\belowcaptionskip=\skip46
\c@figure=\count86
\c@table=\count87
\@IEEEeqnnumcols=\count88
\@IEEEeqncolcnt=\count89
\@IEEEtmpitemindent=\dimen112
\c@biography=\count90
\@IEEEtranrubishbin=\box26
) (/home/hleal/papers/doblelim/macros/lin_alg.tex)
(/home/hleal/papers/doblelim/macros/math_aux.tex)
(/home/hleal/papers/doblelim/macros/jac_mtrx.tex)
(/home/hleal/papers/doblelim/macros/cset_aux.tex)
\c@Theod=\count91
\c@Theos=\count92
\c@Theor=\count93
\c@Theoc=\count94

(/export/opt/TeX/share/texmf/tex/latex/graphics/epsfig.sty
Package: epsfig 1999/02/16 v1.7a (e)psfig emulation (SPQR)

(/export/opt/TeX/share/texmf/tex/latex/graphics/graphicx.sty
Package: graphicx 1999/02/16 v1.0f Enhanced LaTeX Graphics (DPC,SPQR)

(/export/opt/TeX/share/texmf/tex/latex/graphics/keyval.sty
Package: keyval 1999/03/16 v1.13 key=value parser (DPC)
\KV@toks@=\toks15
)
(/export/opt/TeX/share/texmf/tex/latex/graphics/graphics.sty
Package: graphics 1999/02/16 v1.0l Standard LaTeX Graphics (DPC,SPQR)

(/export/opt/TeX/share/texmf/tex/latex/graphics/trig.sty
Package: trig 1999/03/16 v1.09 sin cos tan (DPC)
)
(/export/opt/TeX/share/texmf/tex/latex/config/graphics.cfg)
Package graphics Info: Driver file: dvips.def on input line 80.

(/export/opt/TeX/share/texmf/tex/latex/graphics/dvips.def
File: dvips.def 1999/02/16 v3.0i Driver-dependant file (DPC,SPQR)
))
\Gin@req@height=\dimen113
\Gin@req@width=\dimen114
)
\epsfxsize=\dimen115
\epsfysize=\dimen116
)
(/export/opt/TeX/share/texmf/tex/latex/misc/psfrag.sty
Package: psfrag 1998/04/11 v3.04 PSfrag (MCG)
\pfg@pcount=\count95
\pfg@scount=\count96
\pfg@temp=\write3
)
(/export/opt/TeX/share/texmf/tex/latex/psnfss/pifont.sty
Package: pifont 1999/03/29 PSNFSS v.7.2 Pi font support : S Rahtz
LaTeX Font Info:    Try loading font information for U+pzd on input line 63.

(/export/opt/TeX/share/texmf/tex/latex/psnfss/upzd.fd
File: upzd.fd 1998/07/06 font definitions for U/pzd.
)
LaTeX Font Info:    Try loading font information for U+psy on input line 64.

(/export/opt/TeX/share/texmf/tex/latex/psnfss/upsy.fd
File: upsy.fd 1998/07/06 font definitions for U/psy.
))
(/export/opt/TeX/share/texmf/tex/latex/amsfonts/amssymb.sty
Package: amssymb 1996/11/03 v2.2b

(/export/opt/TeX/share/texmf/tex/latex/amsfonts/amsfonts.sty
Package: amsfonts 1997/09/17 v2.2e
\@emptytoks=\toks16
\symAMSa=\mathgroup4
\symAMSb=\mathgroup5
LaTeX Font Info:    Overwriting math alphabet `\mathfrak' in version `bold'
(Font)                  U/euf/m/n --> U/euf/b/n on input line 133.
))
(/export/opt/TeX/share/texmf/tex/latex/amslatex/amsmath.sty
Package: amsmath 1997/03/20 v1.2d AMS math features
\@mathmargin=\skip47

(/export/opt/TeX/share/texmf/tex/latex/amslatex/amstext.sty
Package: amstext 1996/10/28 v1.2b

(/export/opt/TeX/share/texmf/tex/latex/amslatex/amsgen.sty
File: amsgen 1996/10/29 v1.2b
\@emptytoks=\toks17
\ex@=\dimen117
))
(/export/opt/TeX/share/texmf/tex/latex/amslatex/amsbsy.sty
Package: amsbsy 1996/10/28 v1.2b
\pmbraise@=\dimen118
)
(/export/opt/TeX/share/texmf/tex/latex/amslatex/amsopn.sty
Package: amsopn 1996/10/28 v1.2b operator names
)
LaTeX Info: Redefining \frac on input line 188.
\uproot@=\count97
\leftroot@=\count98
\classnum@=\count99
\DOTSCASE@=\count100
LaTeX Info: Redefining \dots on input line 335.
LaTeX Info: Redefining \ldots on input line 418.
LaTeX Info: Redefining \cdots on input line 422.
\Mathstrutbox@=\box27
\strutbox@=\box28
\big@size=\dimen119
LaTeX Font Info:    Redeclaring font encoding OML on input line 500.
LaTeX Font Info:    Redeclaring font encoding OMS on input line 501.
\skewcharcount@=\count101
\familycount@=\count102
\pointcount@=\count103
\accentdimen@=\dimen120
\accentmu@=\count104
\minaw@=\dimen121
\c@MaxMatrixCols=\count105
\dotsspace@=\muskip10
\c@parentequation=\count106
\dspbrk@lvl=\count107
\tag@help=\toks18
\row@=\count108
\column@=\count109
\maxfields@=\count110
\andhelp@=\toks19
\eqnshift@=\dimen122
\alignsep@=\dimen123
\tagshift@=\dimen124
\tagwidth@=\dimen125
\totwidth@=\dimen126
\lineht@=\dimen127
\@envbody=\toks20
\multlinegap=\skip48
\multlinetaggap=\skip49
)
(/export/opt/TeX/share/texmf/tex/latex/local/tonali/rotate.sty
\@rotdimen=\dimen128
\@rotbox=\box29
)
(/export/opt/TeX/share/texmf/tex/latex/misc/rotating.sty
Package: rotating 1997/09/26, v2.13 Rotation package

(/export/opt/TeX/share/texmf/tex/latex/base/ifthen.sty
Package: ifthen 1999/01/07 v1.1a Standard LaTeX ifthen package (DPC)
)
\c@r@tfl@t=\count111
\rot@float@box=\box30
) (icccas2.aux)
\openout1 = `icccas2.aux'.

LaTeX Font Info:    Checking defaults for OML/cmm/m/it on input line 31.
LaTeX Font Info:    ... okay on input line 31.
LaTeX Font Info:    Checking defaults for T1/cmr/m/n on input line 31.
LaTeX Font Info:    ... okay on input line 31.
LaTeX Font Info:    Checking defaults for OT1/cmr/m/n on input line 31.
LaTeX Font Info:    ... okay on input line 31.
LaTeX Font Info:    Checking defaults for OMS/cmsy/m/n on input line 31.
LaTeX Font Info:    ... okay on input line 31.
LaTeX Font Info:    Checking defaults for OMX/cmex/m/n on input line 31.
LaTeX Font Info:    ... okay on input line 31.
LaTeX Font Info:    Checking defaults for U/cmr/m/n on input line 31.
LaTeX Font Info:    ... okay on input line 31.
LaTeX Font Info:    Try loading font information for U+msa on input line 108.

(/export/opt/TeX/share/texmf/tex/latex/amsfonts/umsa.fd
File: umsa.fd 1995/01/05 v2.2e AMS font definitions
)
LaTeX Font Info:    Try loading font information for U+msb on input line 108.

(/export/opt/TeX/share/texmf/tex/latex/amsfonts/umsb.fd
File: umsb.fd 1995/01/05 v2.2e AMS font definitions
)
File: /home/hleal/papers/icccas/Template_LaTex/figs/dbh.eps Graphic file (type 
eps)

</home/hleal/papers/icccas/Template_LaTex/figs/dbh.eps> [1


]
File: /home/hleal/papers/doblelim/figs/pcorrector.eps Graphic file (type eps)

</home/hleal/papers/doblelim/figs/pcorrector.eps>
File: /home/hleal/papers/icccas/Template_LaTex/figs/dbh3.eps Graphic file (type
 eps)

</home/hleal/papers/icccas/Template_LaTex/figs/dbh3.eps>
File: /home/hleal/papers/icccas/Template_LaTex/figs/dbh2.eps Graphic file (type
 eps)

</home/hleal/papers/icccas/Template_LaTex/figs/dbh2.eps> [2]
File: /home/hleal/papers/icccas/Template_LaTex/figs/bboques.eps Graphic file (t
ype eps)

</home/hleal/papers/icccas/Template_LaTex/figs/bboques.eps>
File: /home/hleal/papers/doblelim/figs/doblelimit_mul.eps Graphic file (type ep
s)

</home/hleal/papers/doblelim/figs/doblelimit_mul.eps>
File: /home/hleal/papers/doblelim/figs/doblelimit_mul_sol.eps Graphic file (typ
e eps)

</home/hleal/papers/doblelim/figs/doblelimit_mul_sol.eps>

LaTeX Warning: `h' float specifier changed to `ht'.

[3]
File: /home/hleal/papers/doblelim/figs/circu.eps Graphic file (type eps)
 </home/hleal/papers/doblelim/figs/circu.eps>
File: /home/hleal/papers/doblelim/figs/smitt.eps Graphic file (type eps)

</home/hleal/papers/doblelim/figs/smitt.eps>
File: /home/hleal/papers/doblelim/figs/chiaf.eps Graphic file (type eps)

</home/hleal/papers/doblelim/figs/chiaf.eps>
File: /home/hleal/papers/iscas2004/figs/chua.eps Graphic file (type eps)

</home/hleal/papers/iscas2004/figs/chua.eps> (icccas2.bbl [4])

** Conference Paper **
Before submitting the final camera ready copy, remember to:

 1. Manually equalize the lengths of two columns on the last page
 of your paper;

 2. Ensure that any PostScript and/or PDF output post-processing
 uses only Type 1 fonts and that every step in the generation
 process uses the US letter (8.5in X 11in) paper size.

[5] (icccas2.aux) ) 
Here is how much of TeX's memory you used:
 2325 strings out of 10901
 30288 string characters out of 72216
 86914 words of memory out of 263001
 5209 multiletter control sequences out of 10000+0
 35672 words of font info for 93 fonts, out of 400000 for 1000
 18 hyphenation exceptions out of 1000
 32i,12n,25p,312b,421s stack positions out of 300i,100n,500p,50000b,4000s

Output written on icccas2.dvi (5 pages, 26052 bytes).
